Performing C SOURCE FILE Test CMAKE_HAVE_LIBC_PTHREAD failed with the following output:
Change Dir: /home/lucre/Project/clip/clip-jetson/build/CMakeFiles/CMakeTmp

Run Build Command(s):/usr/bin/make cmTC_df96d/fast && make[1]: Entering directory '/home/lucre/Project/clip/clip-jetson/build/CMakeFiles/CMakeTmp'
/usr/bin/make -f CMakeFiles/cmTC_df96d.dir/build.make CMakeFiles/cmTC_df96d.dir/build
make[2]: Entering directory '/home/lucre/Project/clip/clip-jetson/build/CMakeFiles/CMakeTmp'
Building C object CMakeFiles/cmTC_df96d.dir/src.c.o
/usr/bin/cc   -DCMAKE_HAVE_LIBC_PTHREAD   -o CMakeFiles/cmTC_df96d.dir/src.c.o   -c /home/lucre/Project/clip/clip-jetson/build/CMakeFiles/CMakeTmp/src.c
Linking C executable cmTC_df96d
/usr/bin/cmake -E cmake_link_script CMakeFiles/cmTC_df96d.dir/link.txt --verbose=1
/usr/bin/cc  -DCMAKE_HAVE_LIBC_PTHREAD    -rdynamic CMakeFiles/cmTC_df96d.dir/src.c.o  -o cmTC_df96d 
/usr/bin/ld: CMakeFiles/cmTC_df96d.dir/src.c.o: in function `main':
src.c:(.text+0x48): undefined reference to `pthread_create'
/usr/bin/ld: src.c:(.text+0x50): undefined reference to `pthread_detach'
/usr/bin/ld: src.c:(.text+0x5c): undefined reference to `pthread_join'
collect2: error: ld returned 1 exit status
make[2]: *** [CMakeFiles/cmTC_df96d.dir/build.make:87: cmTC_df96d] Error 1
make[2]: Leaving directory '/home/lucre/Project/clip/clip-jetson/build/CMakeFiles/CMakeTmp'
make[1]: *** [Makefile:121: cmTC_df96d/fast] Error 2
make[1]: Leaving directory '/home/lucre/Project/clip/clip-jetson/build/CMakeFiles/CMakeTmp'


Source file was:
#include <pthread.h>

void* test_func(void* data)
{
  return data;
}

int main(void)
{
  pthread_t thread;
  pthread_create(&thread, NULL, test_func, NULL);
  pthread_detach(thread);
  pthread_join(thread, NULL);
  pthread_atfork(NULL, NULL, NULL);
  pthread_exit(NULL);

  return 0;
}

Determining if the function pthread_create exists in the pthreads failed with the following output:
Change Dir: /home/lucre/Project/clip/clip-jetson/build/CMakeFiles/CMakeTmp

Run Build Command(s):/usr/bin/make cmTC_1fa82/fast && make[1]: Entering directory '/home/lucre/Project/clip/clip-jetson/build/CMakeFiles/CMakeTmp'
/usr/bin/make -f CMakeFiles/cmTC_1fa82.dir/build.make CMakeFiles/cmTC_1fa82.dir/build
make[2]: Entering directory '/home/lucre/Project/clip/clip-jetson/build/CMakeFiles/CMakeTmp'
Building C object CMakeFiles/cmTC_1fa82.dir/CheckFunctionExists.c.o
/usr/bin/cc   -DCHECK_FUNCTION_EXISTS=pthread_create   -o CMakeFiles/cmTC_1fa82.dir/CheckFunctionExists.c.o   -c /usr/share/cmake-3.16/Modules/CheckFunctionExists.c
Linking C executable cmTC_1fa82
/usr/bin/cmake -E cmake_link_script CMakeFiles/cmTC_1fa82.dir/link.txt --verbose=1
/usr/bin/cc  -DCHECK_FUNCTION_EXISTS=pthread_create    -rdynamic CMakeFiles/cmTC_1fa82.dir/CheckFunctionExists.c.o  -o cmTC_1fa82  -lpthreads 
/usr/bin/ld: cannot find -lpthreads
collect2: error: ld returned 1 exit status
make[2]: *** [CMakeFiles/cmTC_1fa82.dir/build.make:87: cmTC_1fa82] Error 1
make[2]: Leaving directory '/home/lucre/Project/clip/clip-jetson/build/CMakeFiles/CMakeTmp'
make[1]: *** [Makefile:121: cmTC_1fa82/fast] Error 2
make[1]: Leaving directory '/home/lucre/Project/clip/clip-jetson/build/CMakeFiles/CMakeTmp'



